<html>
<body>
<pre>
<h1>Build Log</h1>
<h3>
--------------------Configuration: test212 - Win32 Debug--------------------
</h3>
<h3>Command Lines</h3>
Creating temporary file "C:\Users\21989\AppData\Local\Temp\RSP872F.tmp" with contents
[
/nologo /MLd /W3 /Gm /GX /ZI /Od /D "WIN32" /D "_DEBUG" /D "_CONSOLE" /D "_MBCS" /Fp"Debug/test212.pch" /YX /Fo"Debug/" /Fd"Debug/" /FD /GZ  /c 
"D:\C”Ô—‘£∫MyProjects\»Î√≈¡∑œ∞\test212\file212.c"
]
Creating command line "cl.exe @C:\Users\21989\AppData\Local\Temp\RSP872F.tmp" 
<h3>Output Window</h3>
Compiling...
file212.c
D:\C”Ô—‘£∫MyProjects\»Î√≈¡∑œ∞\test212\file212.c(10) : error C2146: syntax error : missing ')' before identifier 'st'
D:\C”Ô—‘£∫MyProjects\»Î√≈¡∑œ∞\test212\file212.c(10) : error C2061: syntax error : identifier 'st'
D:\C”Ô—‘£∫MyProjects\»Î√≈¡∑œ∞\test212\file212.c(10) : error C2059: syntax error : ';'
D:\C”Ô—‘£∫MyProjects\»Î√≈¡∑œ∞\test212\file212.c(10) : error C2059: syntax error : ')'
D:\C”Ô—‘£∫MyProjects\»Î√≈¡∑œ∞\test212\file212.c(11) : error C2449: found '{' at file scope (missing function header?)
D:\C”Ô—‘£∫MyProjects\»Î√≈¡∑œ∞\test212\file212.c(16) : error C2059: syntax error : '}'
D:\C”Ô—‘£∫MyProjects\»Î√≈¡∑œ∞\test212\file212.c(33) : warning C4013: 'out' undefined; assuming extern returning int
D:\C”Ô—‘£∫MyProjects\»Î√≈¡∑œ∞\test212\file212.c(34) : warning C4013: 'in' undefined; assuming extern returning int
÷¥–– cl.exe  ±≥ˆ¥Ì.



<h3>Results</h3>
file212.obj - 1 error(s), 0 warning(s)
</pre>
</body>
</html>
