<html>
<body>
<pre>
<h1>Build Log</h1>
<h3>
--------------------Configuration: test243 - Win32 Debug--------------------
</h3>
<h3>Command Lines</h3>
Creating temporary file "C:\Users\21989\AppData\Local\Temp\RSP6DBA.tmp" with contents
[
/nologo /MLd /W3 /Gm /GX /ZI /Od /D "WIN32" /D "_DEBUG" /D "_CONSOLE" /D "_MBCS" /Fp"Debug/test243.pch" /YX /Fo"Debug/" /Fd"Debug/" /FD /GZ  /c 
"D:\C”Ô—‘£∫MyProjects\»Î√≈¡∑œ∞\test243\file243.cpp"
]
Creating command line "cl.exe @C:\Users\21989\AppData\Local\Temp\RSP6DBA.tmp" 
Creating temporary file "C:\Users\21989\AppData\Local\Temp\RSP6DCA.tmp" with contents
[
kernel32.lib user32.lib gdi32.lib winspool.lib comdlg32.lib advapi32.lib shell32.lib ole32.lib oleaut32.lib uuid.lib odbc32.lib odbccp32.lib  kernel32.lib user32.lib gdi32.lib winspool.lib comdlg32.lib advapi32.lib shell32.lib ole32.lib oleaut32.lib uuid.lib odbc32.lib odbccp32.lib /nologo /subsystem:console /incremental:yes /pdb:"Debug/test243.pdb" /debug /machine:I386 /out:"Debug/test243.exe" /pdbtype:sept 
".\Debug\file243.obj"
]
Creating command line "link.exe @C:\Users\21989\AppData\Local\Temp\RSP6DCA.tmp"
<h3>Output Window</h3>
Compiling...
file243.cpp
D:\C”Ô—‘£∫MyProjects\»Î√≈¡∑œ∞\test243\file243.cpp(45) : error C2039: 'price' : is not a member of 'SqList'
        D:\C”Ô—‘£∫MyProjects\»Î√≈¡∑œ∞\test243\file243.cpp(20) : see declaration of 'SqList'
D:\C”Ô—‘£∫MyProjects\»Î√≈¡∑œ∞\test243\file243.cpp(50) : error C2143: syntax error : missing ')' before ';'
D:\C”Ô—‘£∫MyProjects\»Î√≈¡∑œ∞\test243\file243.cpp(50) : error C2059: syntax error : ')'
D:\C”Ô—‘£∫MyProjects\»Î√≈¡∑œ∞\test243\file243.cpp(51) : error C2239: unexpected token '{' following declaration of 'e'
D:\C”Ô—‘£∫MyProjects\»Î√≈¡∑œ∞\test243\file243.cpp(65) : error C2065: 'L' : undeclared identifier
D:\C”Ô—‘£∫MyProjects\»Î√≈¡∑œ∞\test243\file243.cpp(65) : error C2228: left of '.length' must have class/struct/union type
D:\C”Ô—‘£∫MyProjects\»Î√≈¡∑œ∞\test243\file243.cpp(67) : error C2228: left of '.length' must have class/struct/union type
D:\C”Ô—‘£∫MyProjects\»Î√≈¡∑œ∞\test243\file243.cpp(68) : error C2228: left of '.length' must have class/struct/union type
D:\C”Ô—‘£∫MyProjects\»Î√≈¡∑œ∞\test243\file243.cpp(68) : error C2228: left of '.length' must have class/struct/union type
D:\C”Ô—‘£∫MyProjects\»Î√≈¡∑œ∞\test243\file243.cpp(69) : error C2228: left of '.length' must have class/struct/union type
D:\C”Ô—‘£∫MyProjects\»Î√≈¡∑œ∞\test243\file243.cpp(70) : error C2065: 'Ok' : undeclared identifier
D:\C”Ô—‘£∫MyProjects\»Î√≈¡∑œ∞\test243\file243.cpp(90) : error C2143: syntax error : missing ')' before '!'
D:\C”Ô—‘£∫MyProjects\»Î√≈¡∑œ∞\test243\file243.cpp(90) : error C2059: syntax error : ')'
D:\C”Ô—‘£∫MyProjects\»Î√≈¡∑œ∞\test243\file243.cpp(91) : error C2143: syntax error : missing ';' before '{'
D:\C”Ô—‘£∫MyProjects\»Î√≈¡∑œ∞\test243\file243.cpp(110) : warning C4508: 'main' : function should return a value; 'void' return type assumed
÷¥–– cl.exe  ±≥ˆ¥Ì.



<h3>Results</h3>
test243.exe - 1 error(s), 0 warning(s)
</pre>
</body>
</html>
